Namespace(FP16=True, FP32=True, INT8=True, batch_size=1, dump_diff=False, native=True, num_loops=10, topN=5, update_graphdef=False, with_timeline=False, workspace_size=2048)
Starting at 2019-07-30 10:45:45.154990
2019-07-30 10:45:45.160538: I tensorflow/core/platform/cpu_feature_guard.cc:141] Your CPU supports instructions that this TensorFlow binary was not compiled to use: AVX2 FMA
2019-07-30 10:45:45.267940: I tensorflow/stream_executor/cuda/cuda_gpu_executor.cc:998] successful NUMA node read from SysFS had negative value (-1), but there must be at least one NUMA node, so returning NUMA node zero
2019-07-30 10:45:45.268437: I tensorflow/compiler/xla/service/service.cc:150] XLA service 0x38d6e30 executing computations on platform CUDA. Devices:
2019-07-30 10:45:45.268452: I tensorflow/compiler/xla/service/service.cc:158]   StreamExecutor device (0): GeForce GTX 1080 Ti, Compute Capability 6.1
2019-07-30 10:45:45.288347: I tensorflow/core/platform/profile_utils/cpu_utils.cc:94] CPU Frequency: 4200000000 Hz
2019-07-30 10:45:45.290055: I tensorflow/compiler/xla/service/service.cc:150] XLA service 0x2a04e90 executing computations on platform Host. Devices:
2019-07-30 10:45:45.290126: I tensorflow/compiler/xla/service/service.cc:158]   StreamExecutor device (0): <undefined>, <undefined>
2019-07-30 10:45:45.290828: I tensorflow/core/common_runtime/gpu/gpu_device.cc:1433] Found device 0 with properties: 
name: GeForce GTX 1080 Ti major: 6 minor: 1 memoryClockRate(GHz): 1.6325
pciBusID: 0000:01:00.0
totalMemory: 10.92GiB freeMemory: 10.38GiB
2019-07-30 10:45:45.290887: I tensorflow/core/common_runtime/gpu/gpu_device.cc:1512] Adding visible gpu devices: 0
2019-07-30 10:45:45.420581: I tensorflow/core/common_runtime/gpu/gpu_device.cc:984] Device interconnect StreamExecutor with strength 1 edge matrix:
2019-07-30 10:45:45.420610: I tensorflow/core/common_runtime/gpu/gpu_device.cc:990]      0 
2019-07-30 10:45:45.420615: I tensorflow/core/common_runtime/gpu/gpu_device.cc:1003] 0:   N 
2019-07-30 10:45:45.420749: I tensorflow/core/common_runtime/gpu/gpu_device.cc:1115] Created TensorFlow device (/job:localhost/replica:0/task:0/device:GPU:0 with 5588 MB memory) -> physical GPU (device: 0, name: GeForce GTX 1080 Ti, pci bus id: 0000:01:00.0, compute capability: 6.1)
WARNING:tensorflow:From tftrt_sample.py:92: FastGFile.__init__ (from tensorflow.python.platform.gfile) is deprecated and will be removed in a future version.
Instructions for updating:
Use tf.gfile.GFile.
INFO:tensorflow:Starting execution
2019-07-30 10:45:46.007054: I tensorflow/core/common_runtime/gpu/gpu_device.cc:1512] Adding visible gpu devices: 0
2019-07-30 10:45:46.007089: I tensorflow/core/common_runtime/gpu/gpu_device.cc:984] Device interconnect StreamExecutor with strength 1 edge matrix:
2019-07-30 10:45:46.007095: I tensorflow/core/common_runtime/gpu/gpu_device.cc:990]      0 
2019-07-30 10:45:46.007098: I tensorflow/core/common_runtime/gpu/gpu_device.cc:1003] 0:   N 
2019-07-30 10:45:46.007192: I tensorflow/core/common_runtime/gpu/gpu_device.cc:1115] Created TensorFlow device (/job:localhost/replica:0/task:0/device:GPU:0 with 5588 MB memory) -> physical GPU (device: 0, name: GeForce GTX 1080 Ti, pci bus id: 0000:01:00.0, compute capability: 6.1)
INFO:tensorflow:Starting Warmup cycle
INFO:tensorflow:Warmup done. Starting real timing
iter  0   0.006237626075744629
iter  1   0.006108570098876953
iter  2   0.006094851493835449
iter  3   0.00615868091583252
iter  4   0.0060672473907470706
iter  5   0.006093683242797851
iter  6   0.006070308685302735
iter  7   0.006085429191589355
iter  8   0.006069746017456055
iter  9   0.006082677841186523
Comparison= True
INFO:tensorflow:Timing loop done!
images/s : 163.7 +/- 1.3, s/batch: 0.00611 +/- 0.00005
RES, Native, 1, 163.75, 1.33, 0.00611, 0.00005
WARNING:tensorflow:TensorRT mismatch. Compiled against version 5.0.2, but loaded 5.1.5. Things may not work
2019-07-30 10:45:50.540200: I tensorflow/core/grappler/devices.cc:51] Number of eligible GPUs (core count >= 8): 1
2019-07-30 10:45:50.540747: I tensorflow/core/grappler/clusters/single_machine.cc:359] Starting new session
2019-07-30 10:45:50.540971: I tensorflow/core/common_runtime/gpu/gpu_device.cc:1512] Adding visible gpu devices: 0
2019-07-30 10:45:50.540991: I tensorflow/core/common_runtime/gpu/gpu_device.cc:984] Device interconnect StreamExecutor with strength 1 edge matrix:
2019-07-30 10:45:50.540996: I tensorflow/core/common_runtime/gpu/gpu_device.cc:990]      0 
2019-07-30 10:45:50.540999: I tensorflow/core/common_runtime/gpu/gpu_device.cc:1003] 0:   N 
2019-07-30 10:45:50.541094: I tensorflow/core/common_runtime/gpu/gpu_device.cc:1115] Created TensorFlow device (/job:localhost/replica:0/task:0/device:GPU:0 with 5588 MB memory) -> physical GPU (device: 0, name: GeForce GTX 1080 Ti, pci bus id: 0000:01:00.0, compute capability: 6.1)
2019-07-30 10:45:51.236844: I tensorflow/contrib/tensorrt/segment/segment.cc:443] There are 5 ops of 4 different types in the graph that are not converted to TensorRT: Reshape, Shape, Placeholder, NoOp, (For more information see https://docs.nvidia.com/deeplearning/dgx/integrate-tf-trt/index.html#support-ops).
2019-07-30 10:45:51.252058: I tensorflow/contrib/tensorrt/convert/convert_graph.cc:913] Number of TensorRT candidate segments: 1
2019-07-30 10:46:18.689961: I tensorflow/contrib/tensorrt/convert/convert_graph.cc:1015] TensorRT node TRTEngineOp_0 added for segment 0 consisting of 460 nodes succeeded.
2019-07-30 10:46:18.712526: I tensorflow/core/grappler/optimizers/meta_optimizer.cc:581] Optimization results for grappler item: tf_graph
2019-07-30 10:46:18.712555: I tensorflow/core/grappler/optimizers/meta_optimizer.cc:583]   constant folding: Graph size after: 461 nodes (-267), 477 edges (-267), time = 249.394ms.
2019-07-30 10:46:18.712560: I tensorflow/core/grappler/optimizers/meta_optimizer.cc:583]   layout: Graph size after: 468 nodes (7), 479 edges (2), time = 48.425ms.
2019-07-30 10:46:18.712563: I tensorflow/core/grappler/optimizers/meta_optimizer.cc:583]   constant folding: Graph size after: 463 nodes (-5), 479 edges (0), time = 162.505ms.
2019-07-30 10:46:18.712566: I tensorflow/core/grappler/optimizers/meta_optimizer.cc:583]   TensorRTOptimizer: Graph size after: 4 nodes (-459), 4 edges (-475), time = 27565.2383ms.
INFO:tensorflow:Starting execution
2019-07-30 10:46:20.612548: I tensorflow/core/common_runtime/gpu/gpu_device.cc:1512] Adding visible gpu devices: 0
2019-07-30 10:46:20.612589: I tensorflow/core/common_runtime/gpu/gpu_device.cc:984] Device interconnect StreamExecutor with strength 1 edge matrix:
2019-07-30 10:46:20.612595: I tensorflow/core/common_runtime/gpu/gpu_device.cc:990]      0 
2019-07-30 10:46:20.612599: I tensorflow/core/common_runtime/gpu/gpu_device.cc:1003] 0:   N 
2019-07-30 10:46:20.612696: I tensorflow/core/common_runtime/gpu/gpu_device.cc:1115] Created TensorFlow device (/job:localhost/replica:0/task:0/device:GPU:0 with 5588 MB memory) -> physical GPU (device: 0, name: GeForce GTX 1080 Ti, pci bus id: 0000:01:00.0, compute capability: 6.1)
INFO:tensorflow:Starting Warmup cycle
INFO:tensorflow:Warmup done. Starting real timing
iter  0   0.0030682945251464845
iter  1   0.002953996658325195
iter  2   0.002910594940185547
iter  3   0.00285275936126709
iter  4   0.0028134584426879883
iter  5   0.0028623199462890626
iter  6   0.002864217758178711
iter  7   0.0028277873992919923
iter  8   0.002896690368652344
iter  9   0.0029291915893554688
Comparison= True
INFO:tensorflow:Timing loop done!
images/s : 345.1 +/- 8.2, s/batch: 0.00290 +/- 0.00007
RES, TRT-FP32, 1, 345.07, 8.19, 0.00290, 0.00007
WARNING:tensorflow:TensorRT mismatch. Compiled against version 5.0.2, but loaded 5.1.5. Things may not work
2019-07-30 10:46:22.950259: I tensorflow/core/grappler/devices.cc:51] Number of eligible GPUs (core count >= 8): 1
2019-07-30 10:46:22.950926: I tensorflow/core/grappler/clusters/single_machine.cc:359] Starting new session
2019-07-30 10:46:22.951149: I tensorflow/core/common_runtime/gpu/gpu_device.cc:1512] Adding visible gpu devices: 0
2019-07-30 10:46:22.951170: I tensorflow/core/common_runtime/gpu/gpu_device.cc:984] Device interconnect StreamExecutor with strength 1 edge matrix:
2019-07-30 10:46:22.951178: I tensorflow/core/common_runtime/gpu/gpu_device.cc:990]      0 
2019-07-30 10:46:22.951186: I tensorflow/core/common_runtime/gpu/gpu_device.cc:1003] 0:   N 
2019-07-30 10:46:22.951297: I tensorflow/core/common_runtime/gpu/gpu_device.cc:1115] Created TensorFlow device (/job:localhost/replica:0/task:0/device:GPU:0 with 5588 MB memory) -> physical GPU (device: 0, name: GeForce GTX 1080 Ti, pci bus id: 0000:01:00.0, compute capability: 6.1)
2019-07-30 10:46:23.357762: I tensorflow/contrib/tensorrt/segment/segment.cc:443] There are 5 ops of 4 different types in the graph that are not converted to TensorRT: Reshape, Shape, Placeholder, NoOp, (For more information see https://docs.nvidia.com/deeplearning/dgx/integrate-tf-trt/index.html#support-ops).
2019-07-30 10:46:23.372945: I tensorflow/contrib/tensorrt/convert/convert_graph.cc:913] Number of TensorRT candidate segments: 1
2019-07-30 10:46:23.598240: W tensorflow/contrib/tensorrt/log/trt_logger.cc:34] DefaultLogger Half2 support requested on hardware without native FP16 support, performance will be negatively affected.
2019-07-30 10:46:56.430071: I tensorflow/contrib/tensorrt/convert/convert_graph.cc:1015] TensorRT node TRTEngineOp_0 added for segment 0 consisting of 460 nodes succeeded.
2019-07-30 10:46:56.454484: I tensorflow/core/grappler/optimizers/meta_optimizer.cc:581] Optimization results for grappler item: tf_graph
2019-07-30 10:46:56.454515: I tensorflow/core/grappler/optimizers/meta_optimizer.cc:583]   constant folding: Graph size after: 461 nodes (-267), 477 edges (-267), time = 134.235ms.
2019-07-30 10:46:56.454519: I tensorflow/core/grappler/optimizers/meta_optimizer.cc:583]   layout: Graph size after: 468 nodes (7), 479 edges (2), time = 48.287ms.
2019-07-30 10:46:56.454522: I tensorflow/core/grappler/optimizers/meta_optimizer.cc:583]   constant folding: Graph size after: 463 nodes (-5), 479 edges (0), time = 109.333ms.
2019-07-30 10:46:56.454525: I tensorflow/core/grappler/optimizers/meta_optimizer.cc:583]   TensorRTOptimizer: Graph size after: 4 nodes (-459), 4 edges (-475), time = 33153.5156ms.
INFO:tensorflow:Starting execution
2019-07-30 10:46:58.376971: I tensorflow/core/common_runtime/gpu/gpu_device.cc:1512] Adding visible gpu devices: 0
2019-07-30 10:46:58.377012: I tensorflow/core/common_runtime/gpu/gpu_device.cc:984] Device interconnect StreamExecutor with strength 1 edge matrix:
2019-07-30 10:46:58.377017: I tensorflow/core/common_runtime/gpu/gpu_device.cc:990]      0 
2019-07-30 10:46:58.377021: I tensorflow/core/common_runtime/gpu/gpu_device.cc:1003] 0:   N 
2019-07-30 10:46:58.377121: I tensorflow/core/common_runtime/gpu/gpu_device.cc:1115] Created TensorFlow device (/job:localhost/replica:0/task:0/device:GPU:0 with 5588 MB memory) -> physical GPU (device: 0, name: GeForce GTX 1080 Ti, pci bus id: 0000:01:00.0, compute capability: 6.1)
INFO:tensorflow:Starting Warmup cycle
INFO:tensorflow:Warmup done. Starting real timing
iter  0   0.0030652379989624026
iter  1   0.0029254913330078124
iter  2   0.0028502035140991213
iter  3   0.002835359573364258
iter  4   0.0028647279739379885
iter  5   0.0028487682342529298
iter  6   0.002911405563354492
iter  7   0.002849788665771484
iter  8   0.0028725576400756834
iter  9   0.0027623748779296874
Comparison= True
INFO:tensorflow:Timing loop done!
images/s : 347.4 +/- 8.8, s/batch: 0.00288 +/- 0.00007
RES, TRT-FP16, 1, 347.39, 8.81, 0.00288, 0.00007
WARNING:tensorflow:TensorRT mismatch. Compiled against version 5.0.2, but loaded 5.1.5. Things may not work
2019-07-30 10:47:00.748865: I tensorflow/core/grappler/devices.cc:51] Number of eligible GPUs (core count >= 8): 1
2019-07-30 10:47:00.749181: I tensorflow/core/grappler/clusters/single_machine.cc:359] Starting new session
2019-07-30 10:47:00.749379: I tensorflow/core/common_runtime/gpu/gpu_device.cc:1512] Adding visible gpu devices: 0
2019-07-30 10:47:00.749399: I tensorflow/core/common_runtime/gpu/gpu_device.cc:984] Device interconnect StreamExecutor with strength 1 edge matrix:
2019-07-30 10:47:00.749403: I tensorflow/core/common_runtime/gpu/gpu_device.cc:990]      0 
2019-07-30 10:47:00.749407: I tensorflow/core/common_runtime/gpu/gpu_device.cc:1003] 0:   N 
2019-07-30 10:47:00.749499: I tensorflow/core/common_runtime/gpu/gpu_device.cc:1115] Created TensorFlow device (/job:localhost/replica:0/task:0/device:GPU:0 with 5588 MB memory) -> physical GPU (device: 0, name: GeForce GTX 1080 Ti, pci bus id: 0000:01:00.0, compute capability: 6.1)
2019-07-30 10:47:01.161267: I tensorflow/contrib/tensorrt/segment/segment.cc:443] There are 5 ops of 4 different types in the graph that are not converted to TensorRT: Reshape, Shape, Placeholder, NoOp, (For more information see https://docs.nvidia.com/deeplearning/dgx/integrate-tf-trt/index.html#support-ops).
2019-07-30 10:47:01.176481: I tensorflow/contrib/tensorrt/convert/convert_graph.cc:913] Number of TensorRT candidate segments: 1
2019-07-30 10:47:28.110837: I tensorflow/contrib/tensorrt/convert/convert_graph.cc:1015] TensorRT node TRTEngineOp_0 added for segment 0 consisting of 460 nodes succeeded.
2019-07-30 10:47:28.133778: I tensorflow/core/grappler/optimizers/meta_optimizer.cc:581] Optimization results for grappler item: tf_graph
2019-07-30 10:47:28.133811: I tensorflow/core/grappler/optimizers/meta_optimizer.cc:583]   constant folding: Graph size after: 461 nodes (-267), 477 edges (-267), time = 136.198ms.
2019-07-30 10:47:28.133815: I tensorflow/core/grappler/optimizers/meta_optimizer.cc:583]   layout: Graph size after: 468 nodes (7), 479 edges (2), time = 48.644ms.
2019-07-30 10:47:28.133818: I tensorflow/core/grappler/optimizers/meta_optimizer.cc:583]   constant folding: Graph size after: 463 nodes (-5), 479 edges (0), time = 111.17ms.
2019-07-30 10:47:28.133821: I tensorflow/core/grappler/optimizers/meta_optimizer.cc:583]   TensorRTOptimizer: Graph size after: 4 nodes (-459), 4 edges (-475), time = 27029.9766ms.
Running Calibration
INFO:tensorflow:Starting execution
2019-07-30 10:47:29.991186: I tensorflow/core/common_runtime/gpu/gpu_device.cc:1512] Adding visible gpu devices: 0
2019-07-30 10:47:29.991226: I tensorflow/core/common_runtime/gpu/gpu_device.cc:984] Device interconnect StreamExecutor with strength 1 edge matrix:
2019-07-30 10:47:29.991232: I tensorflow/core/common_runtime/gpu/gpu_device.cc:990]      0 
2019-07-30 10:47:29.991236: I tensorflow/core/common_runtime/gpu/gpu_device.cc:1003] 0:   N 
2019-07-30 10:47:29.991335: I tensorflow/core/common_runtime/gpu/gpu_device.cc:1115] Created TensorFlow device (/job:localhost/replica:0/task:0/device:GPU:0 with 5588 MB memory) -> physical GPU (device: 0, name: GeForce GTX 1080 Ti, pci bus id: 0000:01:00.0, compute capability: 6.1)
INFO:tensorflow:Starting Warmup cycle
2019-07-30 10:47:30.348272: I tensorflow/contrib/tensorrt/kernels/trt_engine_op.cc:574] Starting calibration thread on device 0, Calibration Resource @ 0xf46bb50
INFO:tensorflow:Warmup done. Starting real timing
iter  0   0.34863187313079835
Comparison= True
INFO:tensorflow:Timing loop done!
Creating inference graph
2019-07-30 10:47:57.625574: I tensorflow/contrib/tensorrt/convert/convert_graph.cc:192] Starting Calib Conversion
2019-07-30 10:47:57.668452: W tensorflow/contrib/tensorrt/convert/convert_graph.cc:198] Construction of static int8 engine is not implemented yet!. Dynamic engine will be constructed
INFO:tensorflow:Starting execution
2019-07-30 10:48:56.488823: I tensorflow/core/common_runtime/gpu/gpu_device.cc:1512] Adding visible gpu devices: 0
2019-07-30 10:48:56.488864: I tensorflow/core/common_runtime/gpu/gpu_device.cc:984] Device interconnect StreamExecutor with strength 1 edge matrix:
2019-07-30 10:48:56.488870: I tensorflow/core/common_runtime/gpu/gpu_device.cc:990]      0 
2019-07-30 10:48:56.488873: I tensorflow/core/common_runtime/gpu/gpu_device.cc:1003] 0:   N 
2019-07-30 10:48:56.488974: I tensorflow/core/common_runtime/gpu/gpu_device.cc:1115] Created TensorFlow device (/job:localhost/replica:0/task:0/device:GPU:0 with 5588 MB memory) -> physical GPU (device: 0, name: GeForce GTX 1080 Ti, pci bus id: 0000:01:00.0, compute capability: 6.1)
INFO:tensorflow:Starting Warmup cycle
2019-07-30 10:48:56.823617: I tensorflow/contrib/tensorrt/kernels/trt_engine_op.cc:496] Building a new TensorRT engine for import/TRTEngineOp_0 with batch size 1
INFO:tensorflow:Warmup done. Starting real timing
iter  0   0.001656336784362793
iter  1   0.0015744876861572266
iter  2   0.0015971899032592774
iter  3   0.0015845298767089844
iter  4   0.0015483999252319336
iter  5   0.001529412269592285
iter  6   0.0014567375183105469
iter  7   0.0014640998840332032
iter  8   0.0014401149749755859
iter  9   0.0014254522323608398
Comparison= True
INFO:tensorflow:Timing loop done!
images/s : 654.6 +/- 31.6, s/batch: 0.00153 +/- 0.00007
RES, TRT-INT8, 1, 654.59, 31.61, 0.00153, 0.00007
Done timing 2019-07-30 10:49:49.781432
native ['bow tie, bow-tie, bowtie', 'cornet, horn, trumpet, trump', 'military uniform', 'sweatshirt', 'bulletproof vest']
FP32 ['bow tie, bow-tie, bowtie', 'cornet, horn, trumpet, trump', 'military uniform', 'sweatshirt', 'bulletproof vest']
FP16 ['bow tie, bow-tie, bowtie', 'cornet, horn, trumpet, trump', 'military uniform', 'sweatshirt', 'bulletproof vest']
INT8 ['bow tie, bow-tie, bowtie', 'cornet, horn, trumpet, trump', 'bulletproof vest', 'sweatshirt', "plunger, plumber's helper"]

